#
# There is insufficient memory for the Java Runtime Environment to continue.
# Native memory allocation (mmap) failed to map 266338304 bytes for Failed to commit area from 0x0000000703200000 to 0x0000000713000000 of length 266338304.
# Possible reasons:
#   The system is out of physical RAM or swap space
#   The process is running with CompressedOops enabled, and the Java Heap may be blocking the growth of the native heap
# Possible solutions:
#   Reduce memory load on the system
#   Increase physical memory or swap space
#   Check if swap backing store is full
#   Decrease Java heap size (-Xmx/-Xms)
#   Decrease number of Java threads
#   Decrease Java thread stack sizes (-Xss)
#   Set larger code cache with -XX:ReservedCodeCacheSize=
# This output file may be truncated or incomplete.
#
#  Out of Memory Error (os_windows.cpp:3388), pid=148, tid=14528
#
# JRE version:  (11.0.24+8) (build )
# Java VM: OpenJDK 64-Bit Server VM (11.0.24+8, mixed mode, sharing, tiered, compressed oops, g1 gc, windows-amd64)
# No core dump will be written. Minidumps are not enabled by default on client versions of Windows
#

---------------  S U M M A R Y ------------

Command Line: -Dfile.encoding=UTF-8 -Duser.country=KR -Duser.language=ko -Duser.variant dev.lawlesszone.LawlessZoneApplication

Host: 11th Gen Intel(R) Core(TM) i5-1135G7 @ 2.40GHz, 8 cores, 15G,  Windows 10 , 64 bit Build 19041 (10.0.19041.4717)
Time: Tue Sep 10 16:18:55 2024  Windows 10 , 64 bit Build 19041 (10.0.19041.4717) elapsed time: 0.010373 seconds (0d 0h 0m 0s)

---------------  T H R E A D  ---------------

Current thread (0x000002500e42d800):  JavaThread "Unknown thread" [_thread_in_vm, id=14528, stack(0x0000007881c00000,0x0000007881d00000)]

Stack: [0x0000007881c00000,0x0000007881d00000]
Native frames: (J=compiled Java code, j=interpreted, Vv=VM code, C=native code)
V  [jvm.dll+0x6462aa]
V  [jvm.dll+0x7d9fd9]
V  [jvm.dll+0x7db6d9]
V  [jvm.dll+0x7dbdc3]
V  [jvm.dll+0x269ce5]
V  [jvm.dll+0x6434c9]
V  [jvm.dll+0x6379a5]
V  [jvm.dll+0x325d8c]
V  [jvm.dll+0x325c12]
V  [jvm.dll+0x32a7e6]
V  [jvm.dll+0x372b22]
V  [jvm.dll+0x372581]
V  [jvm.dll+0x3014c8]
V  [jvm.dll+0x3025c5]
V  [jvm.dll+0x7b3097]
V  [jvm.dll+0x7b485f]
V  [jvm.dll+0x37ff29]
V  [jvm.dll+0x7951af]
V  [jvm.dll+0x3f0887]
V  [jvm.dll+0x3f2df1]
C  [jli.dll+0x52ef]
C  [ucrtbase.dll+0x21bb2]
C  [KERNEL32.DLL+0x17374]
C  [ntdll.dll+0x4cc91]


---------------  P R O C E S S  ---------------

Threads class SMR info:
_java_thread_list=0x000002500e1bf650, length=0, elements={
}

Java Threads: ( => current thread )

Other Threads:
  0x000002500e447000 GCTaskThread "GC Thread#0" [stack: 0x0000007881d00000,0x0000007881e00000] [id=26928]
  0x000002500e4a4000 ConcurrentGCThread "G1 Main Marker" [stack: 0x0000007881e00000,0x0000007881f00000] [id=17412]
  0x000002500e4a7800 ConcurrentGCThread "G1 Conc#0" [stack: 0x0000007881f00000,0x0000007882000000] [id=22116]

[error occurred during error reporting (printing all threads), id 0xc0000005, EXCEPTION_ACCESS_VIOLATION (0xc0000005) at pc=0x00007ffa6a3b1f07]

VM state:not at safepoint (not fully initialized)

VM Mutex/Monitor currently owned by a thread:  ([mutex/lock_event])
[0x000002500e42ac20] Heap_lock - owner thread: 0x000002500e42d800

Heap address: 0x0000000703200000, size: 4046 MB, Compressed Oops mode: Non-zero based: 0x0000000703200000
Narrow klass base: 0x0000000000000000, Narrow klass shift: 0

GC Heap History (0 events):
No events

Deoptimization events (0 events):
No events

Classes redefined (0 events):
No events

Internal exceptions (0 events):
No events

Events (1 events):
Event: 0.006 Loaded shared library C:\Users\3-04\Documents\jdk-11.0.24+8\bin\zip.dll


Dynamic libraries:
0x00007ff614540000 - 0x00007ff61454e000 	C:\Users\3-04\Documents\jdk-11.0.24+8\bin\java.exe
0x00007ffad37d0000 - 0x00007ffad39c8000 	C:\Windows\SYSTEM32\ntdll.dll
0x00007ffad18b0000 - 0x00007ffad1971000 	C:\Windows\System32\KERNEL32.DLL
0x00007ffad1180000 - 0x00007ffad147d000 	C:\Windows\System32\KERNELBASE.dll
0x00007ffacb6b0000 - 0x00007ffacb744000 	C:\Windows\SYSTEM32\apphelp.dll
0x00007ffad15d0000 - 0x00007ffad16d0000 	C:\Windows\System32\ucrtbase.dll
0x00007ffacc690000 - 0x00007ffacc6a7000 	C:\Users\3-04\Documents\jdk-11.0.24+8\bin\jli.dll
0x00007ffacb9c0000 - 0x00007ffacb9db000 	C:\Users\3-04\Documents\jdk-11.0.24+8\bin\VCRUNTIME140.dll
0x00007ffad32e0000 - 0x00007ffad347d000 	C:\Windows\System32\USER32.dll
0x00007ffad0e80000 - 0x00007ffad0ea2000 	C:\Windows\System32\win32u.dll
0x00007ffad36f0000 - 0x00007ffad371b000 	C:\Windows\System32\GDI32.dll
0x00007ffad1480000 - 0x00007ffad1597000 	C:\Windows\System32\gdi32full.dll
0x00007ffad1760000 - 0x00007ffad17fd000 	C:\Windows\System32\msvcp_win.dll
0x00007ffac1e00000 - 0x00007ffac209a000 	C:\Windows\WinSxS\amd64_microsoft.windows.common-controls_6595b64144ccf1df_6.0.19041.4355_none_60b8b9eb71f62e16\COMCTL32.dll
0x00007ffad2f00000 - 0x00007ffad2f9e000 	C:\Windows\System32\msvcrt.dll
0x00007ffad3630000 - 0x00007ffad365f000 	C:\Windows\System32\IMM32.DLL
0x00007ffaccc10000 - 0x00007ffaccc1c000 	C:\Users\3-04\Documents\jdk-11.0.24+8\bin\vcruntime140_1.dll
0x00007ffaa2860000 - 0x00007ffaa28ed000 	C:\Users\3-04\Documents\jdk-11.0.24+8\bin\msvcp140.dll
0x00007ffa6a0a0000 - 0x00007ffa6ac64000 	C:\Users\3-04\Documents\jdk-11.0.24+8\bin\server\jvm.dll
0x00007ffad1800000 - 0x00007ffad18b0000 	C:\Windows\System32\ADVAPI32.dll
0x00007ffad28c0000 - 0x00007ffad2960000 	C:\Windows\System32\sechost.dll
0x00007ffad1f10000 - 0x00007ffad2033000 	C:\Windows\System32\RPCRT4.dll
0x00007ffad15a0000 - 0x00007ffad15c7000 	C:\Windows\System32\bcrypt.dll
0x00007ffad2fa0000 - 0x00007ffad2fa8000 	C:\Windows\System32\PSAPI.DLL
0x00007ffab6560000 - 0x00007ffab6587000 	C:\Windows\SYSTEM32\WINMM.dll
0x00007ffacc560000 - 0x00007ffacc569000 	C:\Windows\SYSTEM32\WSOCK32.dll
0x00007ffad2e90000 - 0x00007ffad2efb000 	C:\Windows\System32\WS2_32.dll
0x00007ffac8ae0000 - 0x00007ffac8aea000 	C:\Windows\SYSTEM32\VERSION.dll
0x00007ffacf690000 - 0x00007ffacf6a2000 	C:\Windows\SYSTEM32\kernel.appcore.dll
0x00007ffacc7d0000 - 0x00007ffacc7e0000 	C:\Users\3-04\Documents\jdk-11.0.24+8\bin\verify.dll
0x00007ffacebf0000 - 0x00007ffacedd4000 	C:\Windows\SYSTEM32\DBGHELP.DLL
0x00007ffaba7d0000 - 0x00007ffaba804000 	C:\Windows\SYSTEM32\dbgcore.DLL
0x00007ffad16d0000 - 0x00007ffad1752000 	C:\Windows\System32\bcryptPrimitives.dll
0x00007ffacb990000 - 0x00007ffacb9b8000 	C:\Users\3-04\Documents\jdk-11.0.24+8\bin\java.dll
0x00007ffacc570000 - 0x00007ffacc57a000 	C:\Users\3-04\Documents\jdk-11.0.24+8\bin\jimage.dll
0x00007ffacb930000 - 0x00007ffacb948000 	C:\Users\3-04\Documents\jdk-11.0.24+8\bin\zip.dll

dbghelp: loaded successfully - version: 4.0.5 - missing functions: none
symbol engine: initialized successfully - sym options: 0x614 - pdb path: .;C:\Users\3-04\Documents\jdk-11.0.24+8\bin;C:\Windows\SYSTEM32;C:\Windows\WinSxS\amd64_microsoft.windows.common-controls_6595b64144ccf1df_6.0.19041.4355_none_60b8b9eb71f62e16;C:\Users\3-04\Documents\jdk-11.0.24+8\bin\server

VM Arguments:
jvm_args: -Dfile.encoding=UTF-8 -Duser.country=KR -Duser.language=ko -Duser.variant 
java_command: dev.lawlesszone.LawlessZoneApplication
java_class_path (initial): C:\woori_workspace\backend-2nd-LawlessZone\build\classes\java\main;C:\woori_workspace\backend-2nd-LawlessZone\build\resources\main;C:\Users\3-04\.gradle\caches\modules-2\files-2.1\org.springframework.boot\spring-boot-starter-data-jpa\2.7.12\17fdcc9bc155a6e6459190078c3a37c7fce0ced8\spring-boot-starter-data-jpa-2.7.12.jar;C:\Users\3-04\.gradle\caches\modules-2\files-2.1\org.springframework.boot\spring-boot-starter-web\2.7.12\aba3f96331e2cfa316d8ec7446804721120a0552\spring-boot-starter-web-2.7.12.jar;C:\Users\3-04\.gradle\caches\modules-2\files-2.1\org.springframework.boot\spring-boot-starter-security\2.7.12\bf26ba75e37beb854ee14b6a09d39ce109458084\spring-boot-starter-security-2.7.12.jar;C:\Users\3-04\.gradle\caches\modules-2\files-2.1\org.springframework.boot\spring-boot-starter-validation\2.7.12\5d1a41949e944335de0af5153aca20f08a720736\spring-boot-starter-validation-2.7.12.jar;C:\Users\3-04\.gradle\caches\modules-2\files-2.1\javax.servlet\jstl\1.2\74aca283cd4f4b4f3e425f5820cda58f44409547\jstl-1.2.jar;C:\Users\3-04\.gradle\caches\modules-2\files-2.1\org.apache.tomcat.embed\tomcat-embed-jasper\9.0.75\fd8d7b3d9fefca68fe1d1c7f09802eef8b3c17bf\tomcat-embed-jasper-9.0.75.jar;C:\Users\3-04\.gradle\caches\modules-2\files-2.1\com.github.iamport\iamport-rest-client-java\0.2.23\bf5a52d2da90655bef15ff0fcd76a0f67dc84e9d\iamport-rest-client-java-0.2.23.jar;C:\Users\3-04\.gradle\caches\modules-2\files-2.1\com.squareup.retrofit2\converter-gson\2.7.1\d47e867e606b267146a07c855e1e5920f876f89c\converter-gson-2.7.1.jar;C:\Users\3-04\.gradle\caches\modules-2\files-2.1\com.squareup.retrofit2\retrofit\2.7.1\ab61c867c73bdf57224bcc40525f42fea72960a0\retrofit-2.7.1.jar;C:\Users\3-04\.gradle\caches\modules-2\files-2.1\com.squareup.okhttp3\okhttp\4.11.0\436932d695b2c43f2c86b8111c596179cd133d56\okhttp-4.11.0.jar;C:\Users\3-04\.gradle\caches\modules-2\files-2.1\com.mysql\mysql-connector-j\8.0.33\9e64d997873abc4318620264703d3fdb6b02dd5a\mysql-connector-j-8.0.33.jar;C:\U
Launcher Type: SUN_STANDARD

[Global flags]
     intx CICompilerCount                          = 4                                         {product} {ergonomic}
     uint ConcGCThreads                            = 2                                         {product} {ergonomic}
     uint G1ConcRefinementThreads                  = 8                                         {product} {ergonomic}
   size_t G1HeapRegionSize                         = 1048576                                   {product} {ergonomic}
    uintx GCDrainStackTargetSize                   = 64                                        {product} {ergonomic}
   size_t InitialHeapSize                          = 266338304                                 {product} {ergonomic}
   size_t MarkStackSize                            = 4194304                                   {product} {ergonomic}
   size_t MaxHeapSize                              = 4242538496                                {product} {ergonomic}
   size_t MinHeapDeltaBytes                        = 1048576                                   {product} {ergonomic}
    uintx NonNMethodCodeHeapSize                   = 5836300                                {pd product} {ergonomic}
    uintx NonProfiledCodeHeapSize                  = 122910970                              {pd product} {ergonomic}
    uintx ProfiledCodeHeapSize                     = 122910970                              {pd product} {ergonomic}
    uintx ReservedCodeCacheSize                    = 251658240                              {pd product} {ergonomic}
     bool SegmentedCodeCache                       = true                                      {product} {ergonomic}
     bool UseCompressedClassPointers               = true                                 {lp64_product} {ergonomic}
     bool UseCompressedOops                        = true                                 {lp64_product} {ergonomic}
     bool UseG1GC                                  = true                                      {product} {ergonomic}
     bool UseLargePagesIndividualAllocation        = false                                  {pd product} {ergonomic}

Logging:
Log output configuration:
 #0: stdout all=warning uptime,level,tags
 #1: stderr all=off uptime,level,tags

Environment Variables:
JAVA_HOME=C:\Users\3-04\Documents\jdk-11.0.24+8
PATH=C:\Program Files\nodejs;C:\Python312\Scripts\;C:\Python312\;C:\Users\3-04\Documents\jdk-11.0.24+8\bin;C:\woori_workspace\00.sw\apache-maven-3.9.9\bin;C:\Program Files\Common Files\Oracle\Java\javapath;C:\Windows\system32;C:\Windows;C:\Windows\System32\Wbem;C:\Windows\System32\WindowsPowerShell\v1.0\;C:\Windows\System32\OpenSSH\;C:\Program Files\Bandizip\;C:\Program Files\Git\cmd;C:\Program Files\nodejs\;C:\ProgramData\chocolatey\bin;C:\Program Files\MySQL\MySQL Server 8.0\bin;C:\Program Files\MySQL\MySQL Shell 8.0\bin\;C:\Users\3-04\AppData\Local\Microsoft\WindowsApps;C:\Users\3-04\AppData\Local\Programs\Microsoft VS Code\bin;C:\Users\3-04\AppData\Local\Microsoft\WinGet\Packages\Schniz.fnm_Microsoft.Winget.Source_8wekyb3d8bbwe;C:\Users\3-04\AppData\Roaming\npm;;C:\Program Files\JetBrains\IntelliJ IDEA 2022.2.5\bin;;C:\Program Files\JetBrains\IntelliJ IDEA Community Edition 2024.2.1\bin;
USERNAME=3-04
OS=Windows_NT
PROCESSOR_IDENTIFIER=Intel64 Family 6 Model 140 Stepping 1, GenuineIntel
TMP=C:\Users\3-04\AppData\Local\Temp
TEMP=C:\Users\3-04\AppData\Local\Temp



---------------  S Y S T E M  ---------------

OS: Windows 10 , 64 bit Build 19041 (10.0.19041.4717)
OS uptime: 10 days 23:21 hours

CPU:total 8 (initial active 8) (4 cores per cpu, 2 threads per core) family 6 model 140 stepping 1 microcode 0x6e, cmov, cx8, fxsr, mmx, sse, sse2, sse3, ssse3, sse4.1, sse4.2, popcnt, avx, avx2, aes, clmul, erms, 3dnowpref, lzcnt, ht, tsc, tscinvbit, bmi1, bmi2, adx, evex, sha, fma

Memory: 4k page, system-wide physical 16183M (2801M free)
TotalPageFile size 46623M (AvailPageFile size 149M)
current process WorkingSet (physical memory assigned to process): 11M, peak: 11M
current process commit charge ("private bytes"): 61M, peak: 314M

vm_info: OpenJDK 64-Bit Server VM (11.0.24+8) for windows-amd64 JRE (11.0.24+8), built on Jul 16 2024 23:39:21 by "" with MS VC++ 16.10 / 16.11 (VS2019)

END.
